2023-03-28 15:45:21.460 [info] Log level: Info
2023-03-28 15:45:21.460 [info] Validating found git in: "git"
2023-03-28 15:45:21.460 [info] Using git "2.40.0" from "git"
2023-03-28 15:45:21.460 [info] > git rev-parse --show-toplevel [73ms]
2023-03-28 15:45:21.512 [info] > git rev-parse --git-dir --git-common-dir [54ms]
2023-03-28 15:45:21.517 [info] Open repository: /home/abu/gh-python-course
2023-03-28 15:45:21.545 [info] > git rev-parse --show-toplevel [22ms]
2023-03-28 15:45:21.606 [info] > git config --get commit.template [62ms]
2023-03-28 15:45:21.630 [info] > git rev-parse --show-toplevel [32ms]
2023-03-28 15:45:21.639 [info] > git rev-parse --show-toplevel [2ms]
2023-03-28 15:45:21.657 [info] > git for-each-ref --format=%(refname)%00%(upstream:short)%00%(objectname)%00%(upstream:track)%00%(upstream:remotename)%00%(upstream:remoteref) refs/heads/main refs/remotes/main [34ms]
2023-03-28 15:45:21.677 [info] > git rev-parse --show-toplevel [20ms]
2023-03-28 15:45:21.695 [info] > git status -z -uall [23ms]
2023-03-28 15:45:21.746 [info] > git config --get commit.template [32ms]
2023-03-28 15:45:21.756 [info] > git for-each-ref --format=%(refname)%00%(upstream:short)%00%(objectname)%00%(upstream:track)%00%(upstream:remotename)%00%(upstream:remoteref) refs/heads/main refs/remotes/main [12ms]
2023-03-28 15:45:21.953 [info] > git status -z -uall [133ms]
2023-03-28 15:45:22.116 [info] > git check-ignore -v -z --stdin [4ms]
2023-03-28 15:46:00.842 [info] > git show --textconv :mkdocs.yml [25ms]
2023-03-28 15:46:00.843 [info] > git ls-files --stage -- /home/abu/gh-python-course/mkdocs.yml [2ms]
2023-03-28 15:46:00.852 [info] > git cat-file -s f20748cd2b921a06a3cd5433dcd68500666d1254 [3ms]
2023-03-28 15:46:15.643 [info] > git config --get commit.template [28ms]
2023-03-28 15:46:15.644 [info] > git for-each-ref --format=%(refname)%00%(upstream:short)%00%(objectname)%00%(upstream:track)%00%(upstream:remotename)%00%(upstream:remoteref) refs/heads/main refs/remotes/main [7ms]
2023-03-28 15:46:15.688 [info] > git status -z -uall [25ms]
2023-03-28 15:46:16.312 [info] > git show --textconv :.gitlab-ci.yml [7ms]
2023-03-28 15:46:16.318 [info] > git ls-files --stage -- /home/abu/gh-python-course/.gitlab-ci.yml [6ms]
2023-03-28 15:46:16.326 [info] > git cat-file -s ae930caf6ba9f0699620cb28fc1c221c89be41a6 [2ms]
2023-03-28 15:46:35.365 [info] > git check-ignore -v -z --stdin [7ms]
2023-03-28 15:46:37.896 [info] > git check-ignore -v -z --stdin [7ms]
2023-03-28 15:46:40.228 [info] > git check-ignore -v -z --stdin [6ms]
2023-03-28 15:47:05.015 [info] > git config --get commit.template [26ms]
2023-03-28 15:47:05.016 [info] > git for-each-ref --format=%(refname)%00%(upstream:short)%00%(objectname)%00%(upstream:track)%00%(upstream:remotename)%00%(upstream:remoteref) refs/heads/main refs/remotes/main [7ms]
2023-03-28 15:47:05.045 [info] > git status -z -uall [9ms]
2023-03-28 15:47:05.100 [info] > git ls-files --stage -- /home/abu/gh-python-course/mkdocs.yml [15ms]
2023-03-28 15:47:05.116 [info] > git ls-files --stage -- /home/abu/gh-python-course/.gitlab-ci.yml [17ms]
2023-03-28 15:47:05.130 [info] > git cat-file -s f20748cd2b921a06a3cd5433dcd68500666d1254 [16ms]
2023-03-28 15:47:05.133 [info] > git cat-file -s ae930caf6ba9f0699620cb28fc1c221c89be41a6 [5ms]
2023-03-28 15:47:05.192 [info] > git show --textconv :mkdocs.yml [44ms]
2023-03-28 15:47:05.194 [info] > git show --textconv :.gitlab-ci.yml [3ms]
2023-03-28 15:47:09.270 [info] > git ls-files --stage -- /home/abu/gh-python-course/mkdocs.yml [25ms]
2023-03-28 15:47:09.304 [info] > git ls-files --stage -- /home/abu/gh-python-course/.gitlab-ci.yml [37ms]
2023-03-28 15:47:09.324 [info] > git cat-file -s 90a7996fe0333ca00a052477f98e84c2216efab0 [29ms]
2023-03-28 15:47:09.327 [info] > git cat-file -s ae930caf6ba9f0699620cb28fc1c221c89be41a6 [5ms]
2023-03-28 15:47:09.352 [info] > git show --textconv :mkdocs.yml [14ms]
2023-03-28 15:47:09.356 [info] > git show --textconv :.gitlab-ci.yml [5ms]
2023-03-28 15:47:10.107 [info] > git config --get commit.template [27ms]
2023-03-28 15:47:10.109 [info] > git for-each-ref --format=%(refname)%00%(upstream:short)%00%(objectname)%00%(upstream:track)%00%(upstream:remotename)%00%(upstream:remoteref) refs/heads/main refs/remotes/main [7ms]
2023-03-28 15:47:10.140 [info] > git status -z -uall [8ms]
2023-03-28 15:47:18.973 [info] > git config --get commit.template [27ms]
2023-03-28 15:47:18.976 [info] > git for-each-ref --format=%(refname)%00%(upstream:short)%00%(objectname)%00%(upstream:track)%00%(upstream:remotename)%00%(upstream:remoteref) refs/heads/main refs/remotes/main [9ms]
2023-03-28 15:47:19.010 [info] > git status -z -uall [11ms]
2023-03-28 15:47:19.130 [info] > git ls-files --stage -- /home/abu/gh-python-course/mkdocs.yml [8ms]
2023-03-28 15:47:19.135 [info] > git ls-files --stage -- /home/abu/gh-python-course/.gitlab-ci.yml [6ms]
2023-03-28 15:47:19.141 [info] > git cat-file -s 90a7996fe0333ca00a052477f98e84c2216efab0 [7ms]
2023-03-28 15:47:19.142 [info] > git cat-file -s ae930caf6ba9f0699620cb28fc1c221c89be41a6 [2ms]
2023-03-28 15:47:19.157 [info] > git show --textconv :mkdocs.yml [8ms]
2023-03-28 15:47:19.157 [info] > git show --textconv :.gitlab-ci.yml [1ms]
2023-03-28 15:47:23.293 [info] > git ls-files --stage -- /home/abu/gh-python-course/mkdocs.yml [26ms]
2023-03-28 15:47:23.316 [info] > git ls-files --stage -- /home/abu/gh-python-course/.gitlab-ci.yml [26ms]
2023-03-28 15:47:23.329 [info] > git cat-file -s 90a7996fe0333ca00a052477f98e84c2216efab0 [15ms]
2023-03-28 15:47:23.331 [info] > git cat-file -s ae930caf6ba9f0699620cb28fc1c221c89be41a6 [4ms]
2023-03-28 15:47:23.349 [info] > git show --textconv :mkdocs.yml [8ms]
2023-03-28 15:47:23.352 [info] > git show --textconv :.gitlab-ci.yml [3ms]
2023-03-28 15:47:24.060 [info] > git config --get commit.template [6ms]
2023-03-28 15:47:24.089 [info] > git for-each-ref --format=%(refname)%00%(upstream:short)%00%(objectname)%00%(upstream:track)%00%(upstream:remotename)%00%(upstream:remoteref) refs/heads/main refs/remotes/main [7ms]
2023-03-28 15:47:24.120 [info] > git status -z -uall [8ms]
2023-03-28 15:47:29.176 [info] > git config --get commit.template [21ms]
2023-03-28 15:47:29.179 [info] > git for-each-ref --format=%(refname)%00%(upstream:short)%00%(objectname)%00%(upstream:track)%00%(upstream:remotename)%00%(upstream:remoteref) refs/heads/main refs/remotes/main [5ms]
2023-03-28 15:47:29.208 [info] > git status -z -uall [8ms]
2023-03-29 14:11:46.986 [info] > git ls-files --stage -- /home/abu/gh-python-course/mkdocs.yml [5ms]
2023-03-29 14:11:46.992 [info] > git config --get commit.template [16ms]
2023-03-29 14:11:46.997 [info] > git ls-files --stage -- /home/abu/gh-python-course/.gitlab-ci.yml [12ms]
2023-03-29 14:11:47.002 [info] > git for-each-ref --format=%(refname)%00%(upstream:short)%00%(objectname)%00%(upstream:track)%00%(upstream:remotename)%00%(upstream:remoteref) refs/heads/main refs/remotes/main [5ms]
2023-03-29 14:11:47.008 [info] > git cat-file -s 90a7996fe0333ca00a052477f98e84c2216efab0 [16ms]
2023-03-29 14:11:47.008 [info] > git cat-file -s ae930caf6ba9f0699620cb28fc1c221c89be41a6 [7ms]
2023-03-29 14:11:47.010 [info] > git status -z -uall [3ms]
2023-03-29 14:11:47.022 [info] > git show --textconv :mkdocs.yml [5ms]
2023-03-29 14:11:47.023 [info] > git show --textconv :.gitlab-ci.yml [2ms]
2023-03-29 14:11:52.068 [info] > git config --get commit.template [1ms]
2023-03-29 14:11:52.083 [info] > git for-each-ref --format=%(refname)%00%(upstream:short)%00%(objectname)%00%(upstream:track)%00%(upstream:remotename)%00%(upstream:remoteref) refs/heads/main refs/remotes/main [3ms]
2023-03-29 14:11:52.097 [info] > git status -z -uall [4ms]
2023-03-29 14:14:51.230 [info] > git config --get commit.template [20ms]
2023-03-29 14:14:51.233 [info] > git for-each-ref --format=%(refname)%00%(upstream:short)%00%(objectname)%00%(upstream:track)%00%(upstream:remotename)%00%(upstream:remoteref) refs/heads/main refs/remotes/main [4ms]
2023-03-29 14:14:51.259 [info] > git status -z -uall [10ms]
2023-03-29 14:15:03.754 [info] > git config --get commit.template [19ms]
2023-03-29 14:15:03.756 [info] > git for-each-ref --format=%(refname)%00%(upstream:short)%00%(objectname)%00%(upstream:track)%00%(upstream:remotename)%00%(upstream:remoteref) refs/heads/main refs/remotes/main [4ms]
2023-03-29 14:15:03.768 [info] > git status -z -uall [4ms]
2023-03-29 14:15:59.231 [info] > git config --get commit.template [29ms]
2023-03-29 14:15:59.235 [info] > git for-each-ref --format=%(refname)%00%(upstream:short)%00%(objectname)%00%(upstream:track)%00%(upstream:remotename)%00%(upstream:remoteref) refs/heads/main refs/remotes/main [8ms]
2023-03-29 14:15:59.273 [info] > git status -z -uall [11ms]
2023-03-29 14:22:05.917 [info] > git ls-files --stage -- /home/abu/gh-python-course/mkdocs.yml [5ms]
2023-03-29 14:22:05.923 [info] > git config --get commit.template [19ms]
2023-03-29 14:22:05.929 [info] > git ls-files --stage -- /home/abu/gh-python-course/.gitlab-ci.yml [12ms]
2023-03-29 14:22:05.936 [info] > git for-each-ref --format=%(refname)%00%(upstream:short)%00%(objectname)%00%(upstream:track)%00%(upstream:remotename)%00%(upstream:remoteref) refs/heads/main refs/remotes/main [8ms]
2023-03-29 14:22:05.942 [info] > git cat-file -s 90a7996fe0333ca00a052477f98e84c2216efab0 [18ms]
2023-03-29 14:22:05.943 [info] > git cat-file -s ae930caf6ba9f0699620cb28fc1c221c89be41a6 [8ms]
2023-03-29 14:22:05.944 [info] > git status -z -uall [3ms]
2023-03-29 14:22:05.958 [info] > git show --textconv :mkdocs.yml [7ms]
2023-03-29 14:22:05.958 [info] > git show --textconv :.gitlab-ci.yml [1ms]
2023-03-29 14:27:25.045 [info] > git config --get commit.template [14ms]
2023-03-29 14:27:25.047 [info] > git for-each-ref --format=%(refname)%00%(upstream:short)%00%(objectname)%00%(upstream:track)%00%(upstream:remotename)%00%(upstream:remoteref) refs/heads/main refs/remotes/main [3ms]
2023-03-29 14:27:25.056 [info] > git status -z -uall [2ms]
