Name: isort
Module: isort
Python extension loading
Waiting for interpreter from python extension.
Python extension loaded
CWD Server: /home/abu/heep-underflow
sys.path used to run Server:
   /home/abu/.vscode-oss/extensions/ms-python.isort-2022.8.0-universal/bundled/libs
   /home/abu/.vscode-oss/extensions/ms-python.isort-2022.8.0-universal/bundled/tool
   /usr/lib/python310.zip
   /usr/lib/python3.10
   /usr/lib/python3.10/lib-dynload
   /usr/lib/python3.10/site-packages
Settings used to run Server:
[
    {
        "check": false,
        "workspace": "file:///home/abu/heep-underflow",
        "logLevel": "error",
        "args": [],
        "severity": {
            "W": "Warning",
            "E": "Hint"
        },
        "path": [],
        "interpreter": [
            "/bin/python"
        ],
        "importStrategy": "useBundled",
        "showNotifications": "off"
    }
]

/bin/python -m isort --version-number
CWD Linter: /home/abu/heep-underflow
Version info for isort running for /home/abu/heep-underflow:
5.10.1

SUPPORTED isort>=5.10.1
FOUND isort==5.10.1

