[Trace 21:45:38.210] VsCodeClientWorkspace: TextDocument.onDidOpen: file:///home/abu/python-course/docs/basic/input.md
[Trace 21:45:38.211] VsCodeClientWorkspace: TextDocument.onDidChanceContent: file:///home/abu/python-course/docs/basic/input.md
[Trace 21:45:38.216] Server: connection.languages.diagnostics.on: file:///home/abu/python-course/docs/basic/input.md
[Trace 21:45:38.216] Server: connection.languages.diagnostics.on: file:///home/abu/python-course/docs/index.md
[Trace 21:45:38.216] Server: connection.languages.diagnostics.on: file:///home/abu/python-course/docs/db/sql.md
[Trace 21:45:38.216] Server: connection.languages.diagnostics.on: file:///home/abu/python-course/docs/basic/if.md
[Trace 21:45:38.216] Server: connection.languages.diagnostics.on: file:///home/abu/python-course/docs/basic/while-python.md
[Trace 21:45:38.216] Server: connection.languages.diagnostics.on: file:///home/abu/python-course/docs/basic/lesson5-for.md
[Trace 21:45:38.216] Server: connection.languages.diagnostics.on: file:///home/abu/python-course/docs/basic/datatypes/collections.md
[Trace 21:45:38.217] Server: connection.languages.diagnostics.on: file:///home/abu/python-course/docs/basic/datatypes/comprehensions.md
[Trace 21:45:38.217] Server: connection.languages.diagnostics.on: file:///home/abu/python-course/docs/basic/exception.md
[Trace 21:45:38.222] Server: connection.languages.diagnostics.on: file:///home/abu/python-course/docs/git/git_windows.md
[Trace 21:45:38.222] Server: connection.languages.diagnostics.on: file:///home/abu/python-course/docs/modules/datetime.md
[Trace 21:45:38.222] Server: connection.languages.diagnostics.on: file:///home/abu/python-course/docs/js/dom.md
[Trace 21:45:38.222] Server: connection.languages.diagnostics.on: file:///home/abu/python-course/docs/db/sqlite.md
[Trace 21:45:38.223] Server: connection.languages.diagnostics.on: file:///home/abu/python-course/docs/modules/venv.md
[Trace 21:45:38.223] Server: connection.languages.diagnostics.on: file:///home/abu/python-course/docs/django/routing.md
[Trace 21:45:38.223] Server: connection.languages.diagnostics.on: file:///home/abu/python-course/docs/django/creating_models.md
[Trace 21:45:38.223] Server: connection.languages.diagnostics.on: file:///home/abu/python-course/docs/django/redirect_and_status.md
[Trace 21:45:38.223] Server: connection.languages.diagnostics.on: file:///home/abu/python-course/docs/db/sqlite%20copy.md
[Debug 21:45:38.292] LinkProvider: compute - file:///home/abu/python-course/docs/basic/input.md
[Trace 21:45:38.345] Server: connection.languages.diagnostics.on: file:///home/abu/python-course/docs/basic/input.md
[Debug 21:45:38.531] MdFoldingProvider: provideFoldingRanges — file:///home/abu/python-course/docs/basic/input.md 1
[Debug 21:45:38.542] TableOfContentsProvider: create - file:///home/abu/python-course/docs/basic/input.md
[Trace 21:45:38.668] Server: connection.languages.diagnostics.on: file:///home/abu/python-course/docs/index.md
[Trace 21:45:38.871] Server: connection.languages.diagnostics.on: file:///home/abu/python-course/docs/db/sql.md
[Trace 21:45:39.125] Server: connection.languages.diagnostics.on: file:///home/abu/python-course/docs/basic/if.md
[Trace 21:45:39.325] Server: connection.languages.diagnostics.on: file:///home/abu/python-course/docs/basic/while-python.md
[Trace 21:45:39.526] Server: connection.languages.diagnostics.on: file:///home/abu/python-course/docs/basic/lesson5-for.md
[Trace 21:45:39.725] Server: connection.languages.diagnostics.on: file:///home/abu/python-course/docs/basic/datatypes/collections.md
[Trace 21:45:39.925] Server: connection.languages.diagnostics.on: file:///home/abu/python-course/docs/basic/datatypes/comprehensions.md
[Trace 21:45:40.125] Server: connection.languages.diagnostics.on: file:///home/abu/python-course/docs/basic/exception.md
[Trace 21:45:40.325] Server: connection.languages.diagnostics.on: file:///home/abu/python-course/docs/git/git_windows.md
[Trace 21:45:40.525] Server: connection.languages.diagnostics.on: file:///home/abu/python-course/docs/modules/datetime.md
[Trace 21:45:40.725] Server: connection.languages.diagnostics.on: file:///home/abu/python-course/docs/js/dom.md
[Trace 21:45:40.769] DocumentSymbolProvider: provideDocumentSymbols — file:///home/abu/python-course/docs/basic/input.md 1
[Trace 21:45:40.925] Server: connection.languages.diagnostics.on: file:///home/abu/python-course/docs/db/sqlite.md
[Trace 21:45:41.125] Server: connection.languages.diagnostics.on: file:///home/abu/python-course/docs/modules/venv.md
[Trace 21:45:41.326] Server: connection.languages.diagnostics.on: file:///home/abu/python-course/docs/django/routing.md
[Trace 21:45:41.525] Server: connection.languages.diagnostics.on: file:///home/abu/python-course/docs/django/creating_models.md
[Trace 21:45:41.726] Server: connection.languages.diagnostics.on: file:///home/abu/python-course/docs/django/redirect_and_status.md
[Trace 21:45:41.926] Server: connection.languages.diagnostics.on: file:///home/abu/python-course/docs/db/sqlite%20copy.md
[Trace 21:45:57.954] Server: connection.languages.diagnostics.on: file:///home/abu/python-course/docs/index.md
[Trace 21:45:58.154] Server: connection.languages.diagnostics.on: file:///home/abu/python-course/docs/db/sql.md
[Trace 21:45:58.354] Server: connection.languages.diagnostics.on: file:///home/abu/python-course/docs/basic/if.md
[Trace 21:45:58.554] Server: connection.languages.diagnostics.on: file:///home/abu/python-course/docs/basic/while-python.md
[Trace 21:45:58.754] Server: connection.languages.diagnostics.on: file:///home/abu/python-course/docs/basic/lesson5-for.md
[Trace 21:45:58.785] Server: connection.languages.diagnostics.on: file:///home/abu/python-course/docs/db/sql.md
[Trace 21:45:58.954] Server: connection.languages.diagnostics.on: file:///home/abu/python-course/docs/basic/datatypes/collections.md
[Trace 21:45:59.154] Server: connection.languages.diagnostics.on: file:///home/abu/python-course/docs/basic/datatypes/comprehensions.md
[Trace 21:45:59.356] Server: connection.languages.diagnostics.on: file:///home/abu/python-course/docs/basic/exception.md
[Trace 21:45:59.555] Server: connection.languages.diagnostics.on: file:///home/abu/python-course/docs/git/git_windows.md
[Trace 21:45:59.755] Server: connection.languages.diagnostics.on: file:///home/abu/python-course/docs/modules/datetime.md
[Trace 21:45:59.956] Server: connection.languages.diagnostics.on: file:///home/abu/python-course/docs/js/dom.md
[Trace 21:46:00.155] Server: connection.languages.diagnostics.on: file:///home/abu/python-course/docs/db/sqlite.md
[Trace 21:46:00.356] Server: connection.languages.diagnostics.on: file:///home/abu/python-course/docs/modules/venv.md
[Trace 21:46:00.557] Server: connection.languages.diagnostics.on: file:///home/abu/python-course/docs/django/routing.md
[Trace 21:46:00.757] Server: connection.languages.diagnostics.on: file:///home/abu/python-course/docs/django/creating_models.md
[Trace 21:46:00.958] Server: connection.languages.diagnostics.on: file:///home/abu/python-course/docs/django/redirect_and_status.md
[Trace 21:46:01.157] Server: connection.languages.diagnostics.on: file:///home/abu/python-course/docs/db/sqlite%20copy.md
[Trace 21:46:01.358] Server: connection.languages.diagnostics.on: file:///home/abu/python-course/docs/basic/input.md
