2023-04-05 02:32:49.881 [info] Log level: Info
2023-04-05 02:32:49.881 [info] Validating found git in: "git"
2023-04-05 02:32:49.881 [info] Using git "2.40.0" from "git"
2023-04-05 02:32:49.881 [info] > git rev-parse --show-toplevel [17ms]
2023-04-05 02:32:49.881 [info] > git rev-parse --git-dir --git-common-dir [57ms]
2023-04-05 02:32:49.881 [info] Open repository: /home/abu/python-projects/myblog
2023-04-05 02:32:49.883 [info] > git config --get commit.template [7ms]
2023-04-05 02:32:49.883 [info] > git rev-parse --show-toplevel [40ms]
2023-04-05 02:32:49.923 [info] > git rev-parse --show-toplevel [18ms]
2023-04-05 02:32:49.986 [info] > git rev-parse --show-toplevel [43ms]
2023-04-05 02:32:50.024 [info] > git for-each-ref --format=%(refname)%00%(upstream:short)%00%(objectname)%00%(upstream:track)%00%(upstream:remotename)%00%(upstream:remoteref) refs/heads/dev refs/remotes/dev [42ms]
2023-04-05 02:32:50.047 [info] > git rev-parse --show-toplevel [42ms]
2023-04-05 02:32:50.064 [info] > git status -z -uall [25ms]
2023-04-05 02:32:50.134 [info] > git config --get commit.template [5ms]
2023-04-05 02:32:50.159 [info] > git for-each-ref --format=%(refname)%00%(upstream:short)%00%(objectname)%00%(upstream:track)%00%(upstream:remotename)%00%(upstream:remoteref) refs/heads/dev refs/remotes/dev [4ms]
2023-04-05 02:32:50.212 [info] > git status -z -uall [38ms]
2023-04-05 02:32:50.527 [info] > git check-ignore -v -z --stdin [8ms]
2023-04-05 02:32:51.420 [info] > git show --textconv :blog/blog_app/models.py [44ms]
2023-04-05 02:32:51.420 [info] > git show --textconv :blog/blog_app/views.py [33ms]
2023-04-05 02:32:51.420 [info] > git ls-files --stage -- /home/abu/python-projects/myblog/blog/blog_app/models.py [20ms]
2023-04-05 02:32:51.431 [info] > git ls-files --stage -- /home/abu/python-projects/myblog/blog/blog_app/views.py [13ms]
2023-04-05 02:32:51.447 [info] > git cat-file -s e4c84cdf2a60f3700af09c122af334bd41080f39 [18ms]
2023-04-05 02:32:51.455 [info] > git cat-file -s f64d1895efd4eaaa8df69a1c22e847919eafe0af [11ms]
2023-04-05 02:33:07.059 [info] > git config --get commit.template [28ms]
2023-04-05 02:33:07.061 [info] > git for-each-ref --format=%(refname)%00%(upstream:short)%00%(objectname)%00%(upstream:track)%00%(upstream:remotename)%00%(upstream:remoteref) refs/heads/dev refs/remotes/dev [4ms]
2023-04-05 02:33:07.080 [info] > git status -z -uall [4ms]
2023-04-05 02:33:15.283 [info] > git config --get commit.template [10ms]
2023-04-05 02:33:15.283 [info] > git for-each-ref --format=%(refname)%00%(upstream:short)%00%(objectname)%00%(upstream:track)%00%(upstream:remotename)%00%(upstream:remoteref) refs/heads/dev refs/remotes/dev [1ms]
2023-04-05 02:33:15.293 [info] > git status -z -uall [2ms]
2023-04-05 02:33:15.417 [info] > git ls-files --stage -- /home/abu/python-projects/myblog/blog/blog_app/models.py [20ms]
2023-04-05 02:33:15.429 [info] > git ls-files --stage -- /home/abu/python-projects/myblog/blog/blog_app/views.py [13ms]
2023-04-05 02:33:15.438 [info] > git cat-file -s e4c84cdf2a60f3700af09c122af334bd41080f39 [10ms]
2023-04-05 02:33:15.439 [info] > git cat-file -s f64d1895efd4eaaa8df69a1c22e847919eafe0af [2ms]
2023-04-05 02:33:15.458 [info] > git show --textconv :blog/blog_app/models.py [9ms]
2023-04-05 02:33:15.459 [info] > git show --textconv :blog/blog_app/views.py [2ms]
2023-04-05 02:35:20.062 [info] > git config --get commit.template [6ms]
2023-04-05 02:35:20.062 [info] > git for-each-ref --format=%(refname)%00%(upstream:short)%00%(objectname)%00%(upstream:track)%00%(upstream:remotename)%00%(upstream:remoteref) refs/heads/dev refs/remotes/dev [1ms]
2023-04-05 02:35:20.069 [info] > git status -z -uall [2ms]
2023-04-05 02:35:20.199 [info] > git ls-files --stage -- /home/abu/python-projects/myblog/blog/blog_app/models.py [21ms]
2023-04-05 02:35:20.209 [info] > git ls-files --stage -- /home/abu/python-projects/myblog/blog/blog_app/views.py [13ms]
2023-04-05 02:35:20.216 [info] > git cat-file -s e4c84cdf2a60f3700af09c122af334bd41080f39 [8ms]
2023-04-05 02:35:20.217 [info] > git cat-file -s f64d1895efd4eaaa8df69a1c22e847919eafe0af [2ms]
2023-04-05 02:35:20.230 [info] > git show --textconv :blog/blog_app/models.py [6ms]
2023-04-05 02:35:20.231 [info] > git show --textconv :blog/blog_app/views.py [1ms]
2023-04-05 02:37:21.349 [info] > git config --get commit.template [7ms]
2023-04-05 02:37:21.349 [info] > git for-each-ref --format=%(refname)%00%(upstream:short)%00%(objectname)%00%(upstream:track)%00%(upstream:remotename)%00%(upstream:remoteref) refs/heads/dev refs/remotes/dev [1ms]
2023-04-05 02:37:21.357 [info] > git status -z -uall [2ms]
2023-04-05 02:37:42.705 [info] > git config --get commit.template [5ms]
2023-04-05 02:37:42.725 [info] > git for-each-ref --format=%(refname)%00%(upstream:short)%00%(objectname)%00%(upstream:track)%00%(upstream:remotename)%00%(upstream:remoteref) refs/heads/dev refs/remotes/dev [3ms]
2023-04-05 02:37:42.739 [info] > git status -z -uall [3ms]
2023-04-05 02:38:06.465 [info] > git config --get commit.template [8ms]
2023-04-05 02:38:06.466 [info] > git for-each-ref --format=%(refname)%00%(upstream:short)%00%(objectname)%00%(upstream:track)%00%(upstream:remotename)%00%(upstream:remoteref) refs/heads/dev refs/remotes/dev [2ms]
2023-04-05 02:38:06.473 [info] > git status -z -uall [2ms]
2023-04-05 02:38:11.516 [info] > git config --get commit.template [16ms]
2023-04-05 02:38:11.516 [info] > git for-each-ref --format=%(refname)%00%(upstream:short)%00%(objectname)%00%(upstream:track)%00%(upstream:remotename)%00%(upstream:remoteref) refs/heads/dev refs/remotes/dev [1ms]
2023-04-05 02:38:11.526 [info] > git status -z -uall [2ms]
2023-04-05 02:38:16.565 [info] > git config --get commit.template [11ms]
2023-04-05 02:38:16.566 [info] > git for-each-ref --format=%(refname)%00%(upstream:short)%00%(objectname)%00%(upstream:track)%00%(upstream:remotename)%00%(upstream:remoteref) refs/heads/dev refs/remotes/dev [3ms]
2023-04-05 02:38:16.575 [info] > git status -z -uall [2ms]
2023-04-05 02:38:43.950 [info] > git config --get commit.template [9ms]
2023-04-05 02:38:43.951 [info] > git for-each-ref --format=%(refname)%00%(upstream:short)%00%(objectname)%00%(upstream:track)%00%(upstream:remotename)%00%(upstream:remoteref) refs/heads/dev refs/remotes/dev [3ms]
2023-04-05 02:38:43.964 [info] > git status -z -uall [3ms]
