2023-04-03 09:54:15.010 [info] Log level: Info
2023-04-03 09:54:15.010 [info] Validating found git in: "git"
2023-04-03 09:54:15.017 [info] Using git "2.40.0" from "git"
2023-04-03 09:54:15.080 [info] > git rev-parse --show-toplevel [55ms]
2023-04-03 09:54:15.124 [info] > git rev-parse --git-dir --git-common-dir [13ms]
2023-04-03 09:54:15.157 [info] Open repository: /home/abu/heep-underflow
2023-04-03 09:54:15.213 [info] > git config --get commit.template [16ms]
2023-04-03 09:54:15.214 [info] > git rev-parse --show-toplevel [26ms]
2023-04-03 09:54:15.240 [info] > git rev-parse --show-toplevel [14ms]
2023-04-03 09:54:15.288 [info] > git rev-parse --show-toplevel [40ms]
2023-04-03 09:54:15.311 [info] > git for-each-ref --format=%(refname)%00%(upstream:short)%00%(objectname)%00%(upstream:track)%00%(upstream:remotename)%00%(upstream:remoteref) refs/heads/master refs/remotes/master [29ms]
2023-04-03 09:54:15.355 [info] > git status -z -uall [24ms]
2023-04-03 09:54:15.355 [info] > git rev-parse --show-toplevel [47ms]
2023-04-03 09:54:15.428 [info] > git config --get commit.template [46ms]
2023-04-03 09:54:15.442 [info] > git for-each-ref --format=%(refname)%00%(upstream:short)%00%(objectname)%00%(upstream:track)%00%(upstream:remotename)%00%(upstream:remoteref) refs/heads/master refs/remotes/master [5ms]
2023-04-03 09:54:15.458 [info] > git status -z -uall [8ms]
2023-04-03 09:54:15.715 [info] > git check-ignore -v -z --stdin [2ms]
2023-04-03 09:56:26.407 [info] > git config --get commit.template [7ms]
2023-04-03 09:56:26.408 [info] > git for-each-ref --format=%(refname)%00%(upstream:short)%00%(objectname)%00%(upstream:track)%00%(upstream:remotename)%00%(upstream:remoteref) refs/heads/master refs/remotes/master [2ms]
2023-04-03 09:56:26.420 [info] > git status -z -uall [7ms]
2023-04-03 09:56:26.425 [info] > git check-ignore -v -z --stdin [6ms]
2023-04-03 09:56:31.447 [info] > git config --get commit.template [9ms]
2023-04-03 09:56:31.448 [info] > git for-each-ref --format=%(refname)%00%(upstream:short)%00%(objectname)%00%(upstream:track)%00%(upstream:remotename)%00%(upstream:remoteref) refs/heads/master refs/remotes/master [3ms]
2023-04-03 09:56:31.459 [info] > git status -z -uall [3ms]
2023-04-03 09:56:37.221 [info] > git config --get commit.template [9ms]
2023-04-03 09:56:37.222 [info] > git for-each-ref --format=%(refname)%00%(upstream:short)%00%(objectname)%00%(upstream:track)%00%(upstream:remotename)%00%(upstream:remoteref) refs/heads/master refs/remotes/master [2ms]
2023-04-03 09:56:37.230 [info] > git status -z -uall [2ms]
2023-04-03 09:56:48.719 [info] > git config --get commit.template [21ms]
2023-04-03 09:56:48.720 [info] > git for-each-ref --format=%(refname)%00%(upstream:short)%00%(objectname)%00%(upstream:track)%00%(upstream:remotename)%00%(upstream:remoteref) refs/heads/master refs/remotes/master [4ms]
2023-04-03 09:56:48.743 [info] > git status -z -uall [6ms]
2023-04-03 09:56:57.265 [info] > git config --get commit.template [8ms]
2023-04-03 09:56:57.271 [info] > git check-ignore -v -z --stdin [7ms]
2023-04-03 09:56:57.272 [info] > git for-each-ref --format=%(refname)%00%(upstream:short)%00%(objectname)%00%(upstream:track)%00%(upstream:remotename)%00%(upstream:remoteref) refs/heads/master refs/remotes/master [2ms]
2023-04-03 09:56:57.280 [info] > git status -z -uall [2ms]
2023-04-03 09:57:02.298 [info] > git config --get commit.template [6ms]
2023-04-03 09:57:02.299 [info] > git for-each-ref --format=%(refname)%00%(upstream:short)%00%(objectname)%00%(upstream:track)%00%(upstream:remotename)%00%(upstream:remoteref) refs/heads/master refs/remotes/master [2ms]
2023-04-03 09:57:02.307 [info] > git status -z -uall [2ms]
2023-04-03 09:58:54.065 [info] > git config --get commit.template [8ms]
2023-04-03 09:58:54.065 [info] > git for-each-ref --format=%(refname)%00%(upstream:short)%00%(objectname)%00%(upstream:track)%00%(upstream:remotename)%00%(upstream:remoteref) refs/heads/master refs/remotes/master [3ms]
2023-04-03 09:58:54.072 [info] > git status -z -uall [1ms]
2023-04-03 09:58:59.119 [info] > git config --get commit.template [22ms]
2023-04-03 09:58:59.120 [info] > git for-each-ref --format=%(refname)%00%(upstream:short)%00%(objectname)%00%(upstream:track)%00%(upstream:remotename)%00%(upstream:remoteref) refs/heads/master refs/remotes/master [6ms]
2023-04-03 09:58:59.133 [info] > git status -z -uall [2ms]
2023-04-03 09:59:11.203 [info] > git check-ignore -v -z --stdin [2ms]
2023-04-03 09:59:11.557 [info] > git config --get commit.template [7ms]
2023-04-03 09:59:11.558 [info] > git for-each-ref --format=%(refname)%00%(upstream:short)%00%(objectname)%00%(upstream:track)%00%(upstream:remotename)%00%(upstream:remoteref) refs/heads/master refs/remotes/master [2ms]
2023-04-03 09:59:11.565 [info] > git status -z -uall [2ms]
2023-04-03 09:59:29.687 [info] > git check-ignore -v -z --stdin [2ms]
2023-04-03 09:59:30.155 [info] > git config --get commit.template [6ms]
2023-04-03 09:59:30.155 [info] > git for-each-ref --format=%(refname)%00%(upstream:short)%00%(objectname)%00%(upstream:track)%00%(upstream:remotename)%00%(upstream:remoteref) refs/heads/master refs/remotes/master [1ms]
2023-04-03 09:59:30.162 [info] > git status -z -uall [1ms]
2023-04-03 11:44:14.499 [info] > git check-ignore -v -z --stdin [6ms]
2023-04-03 11:44:16.919 [info] > git show --textconv :users/models.py [410ms]
2023-04-03 11:44:16.919 [info] > git ls-files --stage -- /home/abu/heep-underflow/users/models.py [403ms]
2023-04-03 11:44:16.954 [info] > git cat-file -s 71a836239075aa6e6e4ecb700e9c42c95c022d91 [27ms]
